<?xml version="1.0" encoding="UTF-8"?>
<!-- Generated by org.testng.reporters.JUnitXMLReporter -->
<testsuite ignored="0" hostname="AngelsDen" failures="0" tests="5" name="Default test" time="11.602" errors="0" timestamp="2022-06-21T00:50:44 IST">
  <testcase classname="com.webapp.scripts.TestClass" name="verifyValidLogin" time="1.16"/>
  <testcase classname="com.webapp.scripts.TestClass" name="blankFieldLogin" time="2.355"/>
  <testcase classname="com.webapp.scripts.TestClass" name="noPasswordLogin" time="2.322"/>
  <testcase classname="com.webapp.scripts.TestClass" name="invalidLogin" time="0.325"/>
  <testcase classname="com.webapp.scripts.TestClass" name="lockedoutUser" time="0.343"/>
</testsuite> <!-- Default test -->
